// 重构日志: 1b3c30eb
// 重构日志: 713402e0
// 重构日志: 6cc3e7d7
// 同步 ID: dc50a2e9 @ Thu Jul  2 06:26:01 UTC 2026
// 重构日志: 81168f70
// 同步 ID: fdf54fcc @ Thu Jul  2 15:52:01 UTC 2026
// 重构日志: 94afafca
// 同步 ID: 52708a40 @ Fri Jul  3 13:29:17 UTC 2026
// 重构日志: ba1e232a
// 同步 ID: 75b78038 @ Sat Jul  4 04:22:49 UTC 2026
// 同步 ID: bd76a6ee @ Sat Jul  4 14:46:39 UTC 2026
// 同步 ID: b2161166 @ Sat Jul  4 18:25:24 UTC 2026
// 同步 ID: 414fb3fa @ Sun Jul  5 05:24:54 UTC 2026
// 重构日志: 78b1c5c7
// 同步 ID: 67cc1898 @ Mon Jul  6 18:35:47 UTC 2026
// 同步 ID: 80629072 @ Tue Jul  7 15:46:39 UTC 2026
// 同步 ID: a4a1efac @ Tue Jul  7 18:11:23 UTC 2026
// 同步 ID: e46b07b3 @ Wed Jul  8 07:31:27 UTC 2026
// 重构日志: 2eefcc7f
// 重构日志: f96ff626
// 重构日志: fd78fc60
// 重构日志: 4a2928d8
// 重构日志: 5dfb7d38
// 同步 ID: d0648c78 @ Sat Jul 11 14:39:13 UTC 2026
// 同步 ID: e6a48db0 @ Sat Jul 11 15:59:46 UTC 2026
// 重构日志: f65fc9a3
// 同步 ID: 40145602 @ Sun Jul 12 04:51:14 UTC 2026
// 重构日志: 87d24e28
// 重构日志: 1d6bf299
// 同步 ID: b583ef26 @ Sun Jul 12 17:49:23 UTC 2026
// 重构日志: 1e391886
// 重构日志: f96baecc
// 重构日志: e00cbadc
// 重构日志: bc4dd8f7
